# JRE version: Java(TM) SE Runtime Environment (8.0_261-b12) (build 1.8.0_261-b12)
# Java VM: Java HotSpot(TM) 64-Bit Server VM (25.261-b12 mixed mode windows-amd64 compressed oops)
Heap:
 PSYoungGen      total 864768K, used 535855K [0x0000000715b80000, 0x0000000750100000, 0x00000007c0000000)
  eden space 788992K, 59% used [0x0000000715b80000,0x0000000732457268,0x0000000745e00000)
  from space 75776K, 89% used [0x000000074b580000,0x000000074f7f4c70,0x000000074ff80000)
  to   space 83456K, 0% used [0x0000000745e00000,0x0000000745e00000,0x000000074af80000)
 ParOldGen       total 455680K, used 96470K [0x00000005c1200000, 0x00000005dcf00000, 0x0000000715b80000)
  object space 455680K, 21% used [0x00000005c1200000,0x00000005c7035ae0,0x00000005dcf00000)
 Metaspace       used 113452K, capacity 117719K, committed 118016K, reserved 1155072K
  class space    used 12535K, capacity 13230K, committed 13312K, reserved 1048576K
GC Heap History (10 events):
Event: 659.578 GC heap before
{Heap before GC invocations=26 (full 5):
 PSYoungGen      total 788480K, used 360227K [0x0000000715b80000, 0x000000074aa00000, 0x00000007c0000000)
  eden space 724480K, 41% used [0x0000000715b80000,0x00000007281946e8,0x0000000741f00000)
  from space 64000K, 92% used [0x0000000746b00000,0x000000074a4b45f0,0x000000074a980000)
  to   space 71168K, 0% used [0x0000000741f00000,0x0000000741f00000,0x0000000746480000)
 ParOldGen       total 455680K, used 86927K [0x00000005c1200000, 0x00000005dcf00000, 0x0000000715b80000)
  object space 455680K, 19% used [0x00000005c1200000,0x00000005c66e3c28,0x00000005dcf00000)
 Metaspace       used 96267K, capacity 100145K, committed 100224K, reserved 1138688K
  class space    used 11208K, capacity 11877K, committed 11904K, reserved 1048576K
Event: 659.609 GC heap after
Heap after GC invocations=26 (full 5):
 PSYoungGen      total 795648K, used 55450K [0x0000000715b80000, 0x000000074b200000, 0x00000007c0000000)
  eden space 724480K, 0% used [0x0000000715b80000,0x0000000715b80000,0x0000000741f00000)
  from space 71168K, 77% used [0x0000000741f00000,0x0000000745526a08,0x0000000746480000)
  to   space 75264K, 0% used [0x0000000746880000,0x0000000746880000,0x000000074b200000)
 ParOldGen       total 455680K, used 86935K [0x00000005c1200000, 0x00000005dcf00000, 0x0000000715b80000)
  object space 455680K, 19% used [0x00000005c1200000,0x00000005c66e5c28,0x00000005dcf00000)
 Metaspace       used 96267K, capacity 100145K, committed 100224K, reserved 1138688K
  class space    used 11208K, capacity 11877K, committed 11904K, reserved 1048576K
}
Event: 659.609 GC heap before
{Heap before GC invocations=27 (full 6):
 PSYoungGen      total 795648K, used 55450K [0x0000000715b80000, 0x000000074b200000, 0x00000007c0000000)
  eden space 724480K, 0% used [0x0000000715b80000,0x0000000715b80000,0x0000000741f00000)
  from space 71168K, 77% used [0x0000000741f00000,0x0000000745526a08,0x0000000746480000)
  to   space 75264K, 0% used [0x0000000746880000,0x0000000746880000,0x000000074b200000)
 ParOldGen       total 455680K, used 86935K [0x00000005c1200000, 0x00000005dcf00000, 0x0000000715b80000)
  object space 455680K, 19% used [0x00000005c1200000,0x00000005c66e5c28,0x00000005dcf00000)
 Metaspace       used 96267K, capacity 100145K, committed 100224K, reserved 1138688K
  class space    used 11208K, capacity 11877K, committed 11904K, reserved 1048576K
Event: 659.949 GC heap after
Heap after GC invocations=27 (full 6):
 PSYoungGen      total 795648K, used 0K [0x0000000715b80000, 0x000000074b200000, 0x00000007c0000000)
  eden space 724480K, 0% used [0x0000000715b80000,0x0000000715b80000,0x0000000741f00000)
  from space 71168K, 0% used [0x0000000741f00000,0x0000000741f00000,0x0000000746480000)
  to   space 75264K, 0% used [0x0000000746880000,0x0000000746880000,0x000000074b200000)
 ParOldGen       total 455680K, used 96446K [0x00000005c1200000, 0x00000005dcf00000, 0x0000000715b80000)
  object space 455680K, 21% used [0x00000005c1200000,0x00000005c702fae0,0x00000005dcf00000)
 Metaspace       used 96256K, capacity 100127K, committed 100224K, reserved 1138688K
  class space    used 11206K, capacity 11873K, committed 11904K, reserved 1048576K
}
Event: 688.434 GC heap before
{Heap before GC invocations=28 (full 6):
 PSYoungGen      total 795648K, used 724480K [0x0000000715b80000, 0x000000074b200000, 0x00000007c0000000)
  eden space 724480K, 100% used [0x0000000715b80000,0x0000000741f00000,0x0000000741f00000)
  from space 71168K, 0% used [0x0000000741f00000,0x0000000741f00000,0x0000000746480000)
  to   space 75264K, 0% used [0x0000000746880000,0x0000000746880000,0x000000074b200000)
 ParOldGen       total 455680K, used 96446K [0x00000005c1200000, 0x00000005dcf00000, 0x0000000715b80000)
  object space 455680K, 21% used [0x00000005c1200000,0x00000005c702fae0,0x00000005dcf00000)
 Metaspace       used 102351K, capacity 106297K, committed 106624K, reserved 1142784K
  class space    used 11702K, capacity 12376K, committed 12416K, reserved 1048576K
Event: 688.461 GC heap after
Heap after GC invocations=28 (full 6):
 PSYoungGen      total 802304K, used 28006K [0x0000000715b80000, 0x000000074ed80000, 0x00000007c0000000)
  eden space 727040K, 0% used [0x0000000715b80000,0x0000000715b80000,0x0000000742180000)
  from space 75264K, 37% used [0x0000000746880000,0x00000007483d9830,0x000000074b200000)
  to   space 72704K, 0% used [0x0000000742180000,0x0000000742180000,0x0000000746880000)
 ParOldGen       total 455680K, used 96454K [0x00000005c1200000, 0x00000005dcf00000, 0x0000000715b80000)
  object space 455680K, 21% used [0x00000005c1200000,0x00000005c7031ae0,0x00000005dcf00000)
 Metaspace       used 102351K, capacity 106297K, committed 106624K, reserved 1142784K
  class space    used 11702K, capacity 12376K, committed 12416K, reserved 1048576K
}
Event: 692.005 GC heap before
{Heap before GC invocations=29 (full 6):
 PSYoungGen      total 802304K, used 755046K [0x0000000715b80000, 0x000000074ed80000, 0x00000007c0000000)
  eden space 727040K, 100% used [0x0000000715b80000,0x0000000742180000,0x0000000742180000)
  from space 75264K, 37% used [0x0000000746880000,0x00000007483d9830,0x000000074b200000)
  to   space 72704K, 0% used [0x0000000742180000,0x0000000742180000,0x0000000746880000)
 ParOldGen       total 455680K, used 96454K [0x00000005c1200000, 0x00000005dcf00000, 0x0000000715b80000)
  object space 455680K, 21% used [0x00000005c1200000,0x00000005c7031ae0,0x00000005dcf00000)
 Metaspace       used 105163K, capacity 109167K, committed 109440K, reserved 1146880K
  class space    used 11877K, capacity 12575K, committed 12672K, reserved 1048576K
Event: 692.037 GC heap after
Heap after GC invocations=29 (full 6):
 PSYoungGen      total 799744K, used 53658K [0x0000000715b80000, 0x000000074ff80000, 0x00000007c0000000)
  eden space 727040K, 0% used [0x0000000715b80000,0x0000000715b80000,0x0000000742180000)
  from space 72704K, 73% used [0x0000000742180000,0x00000007455e6a18,0x0000000746880000)
  to   space 75776K, 0% used [0x000000074b580000,0x000000074b580000,0x000000074ff80000)
 ParOldGen       total 455680K, used 96462K [0x00000005c1200000, 0x00000005dcf00000, 0x0000000715b80000)
  object space 455680K, 21% used [0x00000005c1200000,0x00000005c7033ae0,0x00000005dcf00000)
 Metaspace       used 105163K, capacity 109167K, committed 109440K, reserved 1146880K
  class space    used 11877K, capacity 12575K, committed 12672K, reserved 1048576K
}
Event: 791.593 GC heap before
{Heap before GC invocations=30 (full 6):
 PSYoungGen      total 799744K, used 780698K [0x0000000715b80000, 0x000000074ff80000, 0x00000007c0000000)
  eden space 727040K, 100% used [0x0000000715b80000,0x0000000742180000,0x0000000742180000)
  from space 72704K, 73% used [0x0000000742180000,0x00000007455e6a18,0x0000000746880000)
  to   space 75776K, 0% used [0x000000074b580000,0x000000074b580000,0x000000074ff80000)
 ParOldGen       total 455680K, used 96462K [0x00000005c1200000, 0x00000005dcf00000, 0x0000000715b80000)
  object space 455680K, 21% used [0x00000005c1200000,0x00000005c7033ae0,0x00000005dcf00000)
 Metaspace       used 113449K, capacity 117655K, committed 118016K, reserved 1155072K
  class space    used 12534K, capacity 13230K, committed 13312K, reserved 1048576K
Event: 791.636 GC heap after
Heap after GC invocations=30 (full 6):
 PSYoungGen      total 864768K, used 68051K [0x0000000715b80000, 0x0000000750100000, 0x00000007c0000000)
  eden space 788992K, 0% used [0x0000000715b80000,0x0000000715b80000,0x0000000745e00000)
  from space 75776K, 89% used [0x000000074b580000,0x000000074f7f4c70,0x000000074ff80000)
  to   space 83456K, 0% used [0x0000000745e00000,0x0000000745e00000,0x000000074af80000)
 ParOldGen       total 455680K, used 96470K [0x00000005c1200000, 0x00000005dcf00000, 0x0000000715b80000)
  object space 455680K, 21% used [0x00000005c1200000,0x00000005c7035ae0,0x00000005dcf00000)
 Metaspace       used 113449K, capacity 117655K, committed 118016K, reserved 1155072K
  class space    used 12534K, capacity 13230K, committed 13312K, reserved 1048576K
}

